1738832194691:help
1738832208500:q what is spring boot
1738832223624:what is spring boot
1738832230543:q
1738832252122:clear
1738832261095:help
1738832273493:clear
1738832423777:help
1738832437006:clear
1738832525653:help
1738832535021:q what is spring boot
1738832636257:help
1738832642389:q what is spring boot
1738832800918:help
1738832802681:q
1738832890093:clear
1738832891440:q
1738839944446:help
1738839946185:q
1738840010752:clear
1738937723598:help
1738937731382:q what is spring boot
1738946675923:q
1738947783418:help
1738947785665:clear
1738947786021:q
1738947819761:q "what is java"
1738948066488:q
1738948448842:q "what is java"
1738951111527:q
1738966700561:q what is spring boot
1738966784523:q "what is spring ai"
1739641022405:help
1739641024287:q
1739641294538:help
1739641296440:q
1742005081295:what is difference between spring framework and spring boot
1742005103199:q what is difference between spring framework and spring boot
1742005123223:q what is quarkus
1742005194536:what is laravel
1742005200410:q what is laravel
1742006122974:q "what is laravel"
1742006127259:q
1742006226438:q what is laravel
1742062725745:q
1742064426918:what is laravel
1742064448093:q  what is laravel
1742065572665:q what is difference between abstract factory and method factory
1742065624105:q what is laravel
1742066048885:q how many design patterns exist
1742066226026:what is state pattern
1742066721125:q what is state pattern
1742066740485:q give me an example of state pattern
1742066858883:q give the full example
